Time resolution is 1 ps
[45000] reset_n deasserted
( 0 )
Value :
[ 00000000 00000001 00000002 00000003 ]
[ 00000004 00000005 00000006 00000007 ]
[ 00000008 00000009 00000010 00000011 ]
Code :
[ 7f82ec67 2cc040ff fa253bee afd6ff06 ]
[ 52766d69 192bb4a5 09b248a8 ca243882 ]
[ ea5feeb4 c33d9013 b89ee04c b326bd77 ]
 
( 1 )
Value :
[ 00000016 00000017 00000018 00000019 ]
[ 00000020 00000021 00000022 00000023 ]
[ 00000024 00000025 00000026 00000027 ]
Code :
[ 2f461b7a efcf5eab a6a0a2b3 bc6c8325 ]
[ 287c9126 d3cf378b 08d4edb8 23461674 ]
[ c5777bb0 b161c519 3f4d662c e9ea8649 ]
 
( 2 )
Value :
[ 00000032 00000033 00000034 00000035 ]
[ 00000036 00000037 00000038 00000039 ]
[ 00000040 00000041 00000042 00000043 ]
Code :
[ d0140b1e ed5a6249 b31477e4 3aa7d86e ]
[ 12d3c664 ba73c2af 42206d9c 7db39650 ]
[ 85a3099c 7b27a635 67128e1a 14c33d7f ]
 
