Time resolution is 1 ps
[45000] reset_n deasserted
( 0 )
Value :
[ 00000000 00000002 00000004 00000006 ]
[ 00000008 00000010 00000012 00000014 ]
[ 00000016 00000018 00000020 00000022 ]
Code :
[ 7f82ec67 2cc040fc fa253be8 afd6ff03 ]
[ 52766d65 192bb4b0 09b248bc ca243891 ]
[ ea5feeaa c33d9002 b89ee07c b326bd44 ]
 
( 1 )
Value :
[ 00000032 00000034 00000036 00000038 ]
[ 00000040 00000042 00000044 00000046 ]
[ 00000048 00000050 00000052 00000054 ]
Code :
[ 2f461b7a efcf5ea8 a6a0a2b5 bc6c8320 ]
[ 287c912a d3cf379e 08d4edac 23461667 ]
[ c5777bae b161c508 3f4d661c e9ea867a ]
 
( 2 )
Value :
[ 00000064 00000066 00000068 00000070 ]
[ 00000072 00000074 00000076 00000078 ]
[ 00000080 00000082 00000084 00000086 ]
Code :
[ d0140b3a ed5a626a b31477ca 3aa7d84f ]
[ 12d3c604 ba73c2cc 42206dfa 7db39635 ]
[ 85a309f0 7b27a640 67128e6e 14c33d0c ]
 
